<?xml version="1.0" encoding="UTF-8"?>
<!-- Generated by org.testng.reporters.JUnitReportReporter -->
<testsuite hostname="LAPTOP-0EAJ4K16" failures="0" tests="4" name="api.test.PetTests" time="16.069" errors="0" timestamp="2023-04-02T16:27:42 IST" skipped="0">
  <testcase classname="api.test.PetTests" name="testCreateStore" time="4.398"/>
  <system-out/>
  <testcase classname="api.test.PetTests" name="testGetStore" time="2.742"/>
  <system-out/>
  <testcase classname="api.test.PetTests" name="testUpdateStore" time="6.509"/>
  <system-out/>
  <testcase classname="api.test.PetTests" name="testDeletePet" time="2.420"/>
  <system-out/>
</testsuite> <!-- api.test.PetTests -->
