<?xml version="1.0" encoding="UTF-8"?>
<!-- Generated by org.testng.reporters.JUnitReportReporter -->
<testsuite hostname="LAPTOP-0EAJ4K16" failures="0" tests="4" name="api.test.UserTests" time="20.047" errors="0" timestamp="2023-03-28T17:10:48 IST" skipped="0">
  <testcase classname="api.test.UserTests" name="testPostUser" time="9.114"/>
  <system-out/>
  <testcase classname="api.test.UserTests" name="testGetUserByName" time="2.662"/>
  <system-out/>
  <testcase classname="api.test.UserTests" name="testUpdateUserByName" time="5.699"/>
  <system-out/>
  <testcase classname="api.test.UserTests" name="testDeleteUserByName" time="2.572"/>
  <system-out/>
</testsuite> <!-- api.test.UserTests -->
