<?xml version="1.0" encoding="UTF-8"?>
<!-- Generated by org.testng.reporters.JUnitReportReporter -->
<testsuite hostname="LAPTOP-0EAJ4K16" failures="0" tests="4" name="api.test.UserTests2" time="12.332" errors="0" timestamp="2023-03-28T17:33:21 IST" skipped="0">
  <testcase classname="api.test.UserTests2" name="testPostUser" time="6.060"/>
  <system-out/>
  <testcase classname="api.test.UserTests2" name="testGetUserByName" time="1.610"/>
  <system-out/>
  <testcase classname="api.test.UserTests2" name="testUpdateUserByName" time="3.152"/>
  <system-out/>
  <testcase classname="api.test.UserTests2" name="testDeleteUserByName" time="1.510"/>
  <system-out/>
</testsuite> <!-- api.test.UserTests2 -->
