<?xml version="1.0" encoding="UTF-8"?>
<!-- Generated by org.testng.reporters.JUnitReportReporter -->
<testsuite hostname="LAPTOP-0EAJ4K16" failures="0" tests="4" name="api.test.UserTests" time="7.842" errors="0" timestamp="2023-04-02T13:30:41 IST" skipped="0">
  <testcase classname="api.test.UserTests" name="testPostUser" time="3.345"/>
  <system-out/>
  <testcase classname="api.test.UserTests" name="testGetUserByName" time="1.183"/>
  <system-out/>
  <testcase classname="api.test.UserTests" name="testUpdateUserByName" time="2.193"/>
  <system-out/>
  <testcase classname="api.test.UserTests" name="testDeleteUserByName" time="1.121"/>
  <system-out/>
</testsuite> <!-- api.test.UserTests -->
