<?xml version="1.0" encoding="UTF-8"?>
<!-- Generated by org.testng.reporters.JUnitReportReporter -->
<testsuite hostname="LAPTOP-0EAJ4K16" failures="0" tests="3" name="api.test.StoreTests" time="8.330" errors="0" timestamp="2023-04-02T16:27:42 IST" skipped="0">
  <testcase classname="api.test.StoreTests" name="testPostUser" time="3.464"/>
  <system-out/>
  <testcase classname="api.test.StoreTests" name="testGetUser" time="2.095"/>
  <system-out/>
  <testcase classname="api.test.StoreTests" name="testDeleteUser" time="2.771"/>
  <system-out/>
</testsuite> <!-- api.test.StoreTests -->
