<?xml version="1.0" encoding="UTF-8"?>
<!-- Generated by org.testng.reporters.JUnitReportReporter -->
<testsuite hostname="LAPTOP-0EAJ4K16" failures="0" tests="4" name="api.test.PetTests" time="14.842" errors="0" timestamp="2023-04-02T16:29:58 IST" skipped="0">
  <testcase classname="api.test.PetTests" name="testCreateStore" time="2.816"/>
  <system-out/>
  <testcase classname="api.test.PetTests" name="testGetStore" time="2.334"/>
  <system-out/>
  <testcase classname="api.test.PetTests" name="testUpdateStore" time="6.851"/>
  <system-out/>
  <testcase classname="api.test.PetTests" name="testDeletePet" time="2.841"/>
  <system-out/>
</testsuite> <!-- api.test.PetTests -->
