<?xml version="1.0" encoding="UTF-8"?>
<!-- Generated by org.testng.reporters.JUnitReportReporter -->
<testsuite hostname="LAPTOP-0EAJ4K16" failures="0" tests="4" name="api.test.UserTests2" time="17.935" errors="0" timestamp="2023-04-02T16:29:58 IST" skipped="0">
  <testcase classname="api.test.UserTests2" name="testPostUser" time="6.021"/>
  <system-out/>
  <testcase classname="api.test.UserTests2" name="testGetUserByName" time="1.272"/>
  <system-out/>
  <testcase classname="api.test.UserTests2" name="testUpdateUserByName" time="6.402"/>
  <system-out/>
  <testcase classname="api.test.UserTests2" name="testDeleteUserByName" time="4.240"/>
  <system-out/>
</testsuite> <!-- api.test.UserTests2 -->
