<?xml version="1.0" encoding="UTF-8"?>
<!-- Generated by org.testng.reporters.JUnitReportReporter -->
<testsuite hostname="LAPTOP-0EAJ4K16" failures="0" tests="4" name="api.test.UserTests2" time="12.880" errors="0" timestamp="2023-03-28T18:58:03 IST" skipped="0">
  <testcase classname="api.test.UserTests2" name="testPostUser" time="7.666"/>
  <system-out/>
  <testcase classname="api.test.UserTests2" name="testGetUserByName" time="1.234"/>
  <system-out/>
  <testcase classname="api.test.UserTests2" name="testUpdateUserByName" time="2.361"/>
  <system-out/>
  <testcase classname="api.test.UserTests2" name="testDeleteUserByName" time="1.619"/>
  <system-out/>
</testsuite> <!-- api.test.UserTests2 -->
